<?xml version="1.0" encoding="UTF-8"?>
<!-- Generated by org.testng.reporters.JUnitXMLReporter -->
<testsuite ignored="8" hostname="LPCAIQ1001" failures="1" tests="10" name="Regression_Firefox" time="107.946" errors="0" timestamp="2022-09-22T14:16:53 EET">
  <testcase classname="Login_Valid" name="valid_Login" time="12.523"/>
  <testcase classname="Logout" name="logout" time="7.319"/>
  <testcase classname="Login_Invalid" name="Invalid_Login" time="8.194"/>
  <testcase classname="Login_Invalid" name="Invalid_Login" time="9.047"/>
  <testcase classname="Login_Invalid" name="Invalid_Login" time="8.232"/>
  <testcase classname="Login_Invalid" name="Empty_Invalid_Login" time="7.798"/>
  <testcase classname="Login_Invalid" name="Empty_Invalid_Login" time="7.999"/>
  <testcase classname="Login_Invalid" name="Empty_Invalid_Login" time="7.675"/>
  <testcase classname="ForgetPassword" name="Forget_Pass" time="8.319"/>
  <testcase classname="SocialAccounts" name="Navigate2Socail" time="23.054">
    <failure type="java.lang.AssertionError" message="expected [https://www.linkedin.com/company/orangehrm] but found [https://www.linkedin.com/authwall?trk=gf&amp;amp;trkInfo=AQFEiI02SMdgWQAAAYNlINTQm7z8tA7JOTptCPVZ2T2PGT70VuIHoBcpbOepEciylc0XQvQ_rAW1T40wfR3fPqF6QaMjK5r_iGI1gBmh8-HS7Bsn7xq6IP_h8P0K_Hub0JBzshw=&amp;amp;original_referer=https://opensource-demo.orangehrmlive.com/&amp;amp;sessionRedirect=https%3A%2F%2Fwww.linkedin.com%2Fcompany%2Forangehrm%2Fmycompany%2F]">
      <![CDATA[java.lang.AssertionError: expected [https://www.linkedin.com/company/orangehrm] but found [https://www.linkedin.com/authwall?trk=gf&trkInfo=AQFEiI02SMdgWQAAAYNlINTQm7z8tA7JOTptCPVZ2T2PGT70VuIHoBcpbOepEciylc0XQvQ_rAW1T40wfR3fPqF6QaMjK5r_iGI1gBmh8-HS7Bsn7xq6IP_h8P0K_Hub0JBzshw=&original_referer=https://opensource-demo.orangehrmlive.com/&sessionRedirect=https%3A%2F%2Fwww.linkedin.com%2Fcompany%2Forangehrm%2Fmycompany%2F]
at SocialAccounts.Navigate2Socail(SocialAccounts.java:78)
at java.base/java.util.ArrayList.forEach(ArrayList.java:1511)
at com.intellij.rt.testng.IDEARemoteTestNG.run(IDEARemoteTestNG.java:66)
at com.intellij.rt.testng.RemoteTestNGStarter.main(RemoteTestNGStarter.java:109)
... Removed 29 stack frames]]>
    </failure>
  </testcase> <!-- Navigate2Socail -->
  <testcase classname="Orange_Login.BaseClass" name="@BeforeTest open_browser" time="0.0">
    <ignored/>
  </testcase> <!-- @BeforeTest open_browser -->
  <testcase classname="Orange_Login.BaseClass" name="@AfterTest aftertest" time="0.0">
    <ignored/>
  </testcase> <!-- @AfterTest aftertest -->
  <testcase classname="Orange_Login.BaseClass" name="@AfterTest aftertest" time="0.0">
    <ignored/>
  </testcase> <!-- @AfterTest aftertest -->
  <testcase classname="Orange_Login.BaseClass" name="@BeforeTest open_browser" time="0.0">
    <ignored/>
  </testcase> <!-- @BeforeTest open_browser -->
  <testcase classname="Orange_Login.BaseClass" name="@BeforeTest open_browser" time="0.0">
    <ignored/>
  </testcase> <!-- @BeforeTest open_browser -->
  <testcase classname="Orange_Login.BaseClass" name="@BeforeTest open_browser" time="0.0">
    <ignored/>
  </testcase> <!-- @BeforeTest open_browser -->
  <testcase classname="Orange_Login.BaseClass" name="@AfterTest aftertest" time="0.0">
    <ignored/>
  </testcase> <!-- @AfterTest aftertest -->
  <testcase classname="Orange_Login.BaseClass" name="@AfterTest aftertest" time="0.0">
    <ignored/>
  </testcase> <!-- @AfterTest aftertest -->
</testsuite> <!-- Regression_Firefox -->
