<html>
<head>
<title>TestNG:  Regression_Firefox</title>
<link href="../testng.css" rel="stylesheet" type="text/css" />
<link href="../my-testng.css" rel="stylesheet" type="text/css" />

<style type="text/css">
.log { display: none;} 
.stack-trace { display: none;} 
</style>
<script type="text/javascript">
<!--
function flip(e) {
  current = e.style.display;
  if (current == 'block') {
    e.style.display = 'none';
    return 0;
  }
  else {
    e.style.display = 'block';
    return 1;
  }
}

function toggleBox(szDivId, elem, msg1, msg2)
{
  var res = -1;  if (document.getElementById) {
    res = flip(document.getElementById(szDivId));
  }
  else if (document.all) {
    // this is the way old msie versions work
    res = flip(document.all[szDivId]);
  }
  if(elem) {
    if(res == 0) elem.innerHTML = msg1; else elem.innerHTML = msg2;
  }

}

function toggleAllBoxes() {
  if (document.getElementsByTagName) {
    d = document.getElementsByTagName('div');
    for (i = 0; i < d.length; i++) {
      if (d[i].className == 'log') {
        flip(d[i]);
      }
    }
  }
}

// -->
</script>

</head>
<body>
<h2 align='center'>Regression_Firefox</h2><table border='1' align="center">
<tr>
<td>Tests passed/Failed/Skipped:</td><td>9/1/0</td>
</tr><tr>
<td>Started on:</td><td>Thu Sep 22 14:15:05 EET 2022</td>
</tr>
<tr><td>Total time:</td><td>107 seconds (107946 ms)</td>
</tr><tr>
<td>Included groups:</td><td></td>
</tr><tr>
<td>Excluded groups:</td><td></td>
</tr>
</table><p/>
<small><i>(Hover the method name to see the test class name)</i></small><p/>
<table width='100%' border='1' class='invocation-failed'>
<tr><td colspan='4' align='center'><b>FAILED TESTS</b></td></tr>
<tr><td><b>Test method</b></td>
<td><b>Attribute(s)</b></td>
<td width="30%"><b>Exception</b></td>
<td width="10%"><b>Time (seconds)</b></td>
<td><b>Instance</b></td>
</tr>
<tr>
<td title='SocialAccounts.Navigate2Socail()'><b>Navigate2Socail</b><br>Test class: SocialAccounts</td>
<td><div><pre>java.lang.AssertionError: expected [https://www.linkedin.com/company/orangehrm] but found [https://www.linkedin.com/authwall?trk=gf&amp;trkInfo=AQFEiI02SMdgWQAAAYNlINTQm7z8tA7JOTptCPVZ2T2PGT70VuIHoBcpbOepEciylc0XQvQ_rAW1T40wfR3fPqF6QaMjK5r_iGI1gBmh8-HS7Bsn7xq6IP_h8P0K_Hub0JBzshw=&amp;original_referer=https://opensource-demo.orangehrmlive.com/&amp;sessionRedirect=https%3A%2F%2Fwww.linkedin.com%2Fcompany%2Forangehrm%2Fmycompany%2F]
	at SocialAccounts.Navigate2Socail(SocialAccounts.java:78)
	at java.base/java.util.ArrayList.forEach(ArrayList.java:1511)
	at com.intellij.rt.testng.IDEARemoteTestNG.run(IDEARemoteTestNG.java:66)
	at com.intellij.rt.testng.RemoteTestNGStarter.main(RemoteTestNGStarter.java:109)
... Removed 29 stack frames</pre></div><a href='#' onClick='toggleBox("stack-trace930987088", this, "Click to show all stack frames", "Click to hide stack frames")'>Click to show all stack frames</a>
<div class='stack-trace' id='stack-trace930987088'><pre>java.lang.AssertionError: expected [https://www.linkedin.com/company/orangehrm] but found [https://www.linkedin.com/authwall?trk=gf&amp;trkInfo=AQFEiI02SMdgWQAAAYNlINTQm7z8tA7JOTptCPVZ2T2PGT70VuIHoBcpbOepEciylc0XQvQ_rAW1T40wfR3fPqF6QaMjK5r_iGI1gBmh8-HS7Bsn7xq6IP_h8P0K_Hub0JBzshw=&amp;original_referer=https://opensource-demo.orangehrmlive.com/&amp;sessionRedirect=https%3A%2F%2Fwww.linkedin.com%2Fcompany%2Forangehrm%2Fmycompany%2F]
	at org.testng.Assert.fail(Assert.java:110)
	at org.testng.Assert.failNotEquals(Assert.java:1413)
	at org.testng.Assert.assertEqualsImpl(Assert.java:149)
	at org.testng.Assert.assertEquals(Assert.java:131)
	at org.testng.Assert.assertEquals(Assert.java:655)
	at org.testng.Assert.assertEquals(Assert.java:665)
	at SocialAccounts.Navigate2Socail(SocialAccounts.java:78)
	at java.base/jdk.internal.reflect.DirectMethodHandleAccessor.invoke(DirectMethodHandleAccessor.java:104)
	at java.base/java.lang.reflect.Method.invoke(Method.java:577)
	at org.testng.internal.invokers.MethodInvocationHelper.invokeMethod(MethodInvocationHelper.java:139)
	at org.testng.internal.invokers.TestInvoker.invokeMethod(TestInvoker.java:677)
	at org.testng.internal.invokers.TestInvoker.invokeTestMethod(TestInvoker.java:221)
	at org.testng.internal.invokers.MethodRunner.runInSequence(MethodRunner.java:50)
	at org.testng.internal.invokers.TestInvoker$MethodInvocationAgent.invoke(TestInvoker.java:962)
	at org.testng.internal.invokers.TestInvoker.invokeTestMethods(TestInvoker.java:194)
	at org.testng.internal.invokers.TestMethodWorker.invokeTestMethods(TestMethodWorker.java:148)
	at org.testng.internal.invokers.TestMethodWorker.run(TestMethodWorker.java:128)
	at java.base/java.util.ArrayList.forEach(ArrayList.java:1511)
	at org.testng.TestRunner.privateRun(TestRunner.java:806)
	at org.testng.TestRunner.run(TestRunner.java:601)
	at org.testng.SuiteRunner.runTest(SuiteRunner.java:433)
	at org.testng.SuiteRunner.runSequentially(SuiteRunner.java:427)
	at org.testng.SuiteRunner.privateRun(SuiteRunner.java:387)
	at org.testng.SuiteRunner.run(SuiteRunner.java:330)
	at org.testng.SuiteRunnerWorker.runSuite(SuiteRunnerWorker.java:52)
	at org.testng.SuiteRunnerWorker.run(SuiteRunnerWorker.java:95)
	at org.testng.TestNG.runSuitesSequentially(TestNG.java:1256)
	at org.testng.TestNG.runSuitesSequentially(TestNG.java:1251)
	at org.testng.TestNG.runSuitesLocally(TestNG.java:1176)
	at org.testng.TestNG.runSuites(TestNG.java:1099)
	at org.testng.TestNG.run(TestNG.java:1067)
	at com.intellij.rt.testng.IDEARemoteTestNG.run(IDEARemoteTestNG.java:66)
	at com.intellij.rt.testng.RemoteTestNGStarter.main(RemoteTestNGStarter.java:109)
</pre></div></td>
<td>23</td>
<td>SocialAccounts@4b0d79fc</td></tr>
</table><p>
<table width='100%' border='1' class='invocation-passed'>
<tr><td colspan='4' align='center'><b>PASSED TESTS</b></td></tr>
<tr><td><b>Test method</b></td>
<td><b>Attribute(s)</b></td>
<td width="30%"><b>Exception</b></td>
<td width="10%"><b>Time (seconds)</b></td>
<td><b>Instance</b></td>
</tr>
<tr>
<td title='Login_Invalid.Invalid_Login()'><b>Invalid_Login</b><br>Test class: Login_Invalid<br>Parameters: Admin, Invalid</td>
<td></td>
<td>9</td>
<td>Login_Invalid@4659191b</td></tr>
<tr>
<td title='Login_Invalid.Empty_Invalid_Login()'><b>Empty_Invalid_Login</b><br>Test class: Login_Invalid<br>Parameters: data, </td>
<td></td>
<td>7</td>
<td>Login_Invalid@4659191b</td></tr>
<tr>
<td title='Login_Invalid.Invalid_Login()'><b>Invalid_Login</b><br>Test class: Login_Invalid<br>Parameters: Invalid, admin123</td>
<td></td>
<td>8</td>
<td>Login_Invalid@4659191b</td></tr>
<tr>
<td title='Login_Invalid.Empty_Invalid_Login()'><b>Empty_Invalid_Login</b><br>Test class: Login_Invalid<br>Parameters: , data</td>
<td></td>
<td>7</td>
<td>Login_Invalid@4659191b</td></tr>
<tr>
<td title='Login_Valid.valid_Login()'><b>valid_Login</b><br>Test class: Login_Valid<br>Parameters: Admin, admin123</td>
<td></td>
<td>12</td>
<td>Login_Valid@1151e434</td></tr>
<tr>
<td title='Logout.logout()'><b>logout</b><br>Test class: Logout</td>
<td></td>
<td>7</td>
<td>Logout@2dc54ad4</td></tr>
<tr>
<td title='Login_Invalid.Empty_Invalid_Login()'><b>Empty_Invalid_Login</b><br>Test class: Login_Invalid<br>Parameters: , </td>
<td></td>
<td>7</td>
<td>Login_Invalid@4659191b</td></tr>
<tr>
<td title='ForgetPassword.Forget_Pass()'><b>Forget_Pass</b><br>Test class: ForgetPassword</td>
<td></td>
<td>8</td>
<td>ForgetPassword@55634720</td></tr>
<tr>
<td title='Login_Invalid.Invalid_Login()'><b>Invalid_Login</b><br>Test class: Login_Invalid<br>Parameters: Invalid, Invalid</td>
<td></td>
<td>8</td>
<td>Login_Invalid@4659191b</td></tr>
</table><p>
</body>
</html>